#
# There is insufficient memory for the Java Runtime Environment to continue.
# Native memory allocation (mmap) failed to map 134217728 bytes for G1 virtual space
# Possible reasons:
#   The system is out of physical RAM or swap space
#   The process is running with CompressedOops enabled, and the Java Heap may be blocking the growth of the native heap
# Possible solutions:
#   Reduce memory load on the system
#   Increase physical memory or swap space
#   Check if swap backing store is full
#   Decrease Java heap size (-Xmx/-Xms)
#   Decrease number of Java threads
#   Decrease Java thread stack sizes (-Xss)
#   Set larger code cache with -XX:ReservedCodeCacheSize=
#   JVM is running with Unscaled Compressed Oops mode in which the Java heap is
#     placed in the first 4GB address space. The Java Heap base address is the
#     maximum limit for the native heap growth. Please use -XX:HeapBaseMinAddress
#     to set the Java Heap base and to place the Java Heap above 4GB virtual address.
# This output file may be truncated or incomplete.
#
#  Out of Memory Error (./open/src/hotspot/os/windows/os_windows.cpp:3472), pid=7992, tid=14176
#
# JRE version:  (15.0.1+9) (build )
# Java VM: Java HotSpot(TM) 64-Bit Server VM (15.0.1+9-18, mixed mode, sharing, tiered, compressed oops, g1 gc, windows-amd64)
# No core dump will be written. Minidumps are not enabled by default on client versions of Windows
#

---------------  S U M M A R Y ------------

Command Line: -XX:TieredStopAtLevel=1 -Xverify:none -Dspring.output.ansi.enabled=always -javaagent:C:\Program Files\JetBrains\IntelliJ IDEA 2020.3.2\lib\idea_rt.jar=57217:C:\Program Files\JetBrains\IntelliJ IDEA 2020.3.2\bin -Dcom.sun.management.jmxremote -Dspring.jmx.enabled=true -Dspring.liveBeansView.mbeanDomain -Dspring.application.admin.enabled=true -Dfile.encoding=UTF-8 com.company.twittertrendswebapp.TwitterTrendsWebAppApplication

Host: Intel(R) Core(TM) i3-4010U CPU @ 1.70GHz, 4 cores, 7G,  Windows 10 , 64 bit Build 18362 (10.0.18362.1350)
Time: Wed Mar 17 17:26:00 2021 Belarus Standard Time elapsed time: 0.107098 seconds (0d 0h 0m 0s)

---------------  T H R E A D  ---------------

Current thread (0x00000221d70d7780):  JavaThread "Unknown thread" [_thread_in_vm, id=14176, stack(0x000000bdf4500000,0x000000bdf4600000)]

Stack: [0x000000bdf4500000,0x000000bdf4600000]
Native frames: (J=compiled Java code, j=interpreted, Vv=VM code, C=native code)
V  [jvm.dll+0x62ae9a]
V  [jvm.dll+0x781389]
V  [jvm.dll+0x782ae3]
V  [jvm.dll+0x783143]
V  [jvm.dll+0x216265]
V  [jvm.dll+0x6281d9]
V  [jvm.dll+0x61cd15]
V  [jvm.dll+0x2d01fd]
V  [jvm.dll+0x2d0062]
V  [jvm.dll+0x2d603c]
V  [jvm.dll+0x325b2a]
V  [jvm.dll+0x3251f4]
V  [jvm.dll+0x2a717a]
V  [jvm.dll+0x2a8318]
V  [jvm.dll+0x75e101]
V  [jvm.dll+0x3343e4]
V  [jvm.dll+0x73e826]
V  [jvm.dll+0x3b7777]
V  [jvm.dll+0x3b9201]
C  [jli.dll+0x52fb]
C  [ucrtbase.dll+0x210b2]
C  [KERNEL32.DLL+0x17c24]
C  [ntdll.dll+0x6d721]


---------------  P R O C E S S  ---------------

Threads class SMR info:
_java_thread_list=0x00007fff9e194ff0, length=0, elements={
}

Java Threads: ( => current thread )

Other Threads:
  0x00000221d7116610 GCTaskThread "GC Thread#0" [stack: 0x000000bdf4600000,0x000000bdf4700000] [id=1752]
  0x00000221d7129480 ConcurrentGCThread "G1 Main Marker" [stack: 0x000000bdf4700000,0x000000bdf4800000] [id=6360]
  0x00000221d712a070 ConcurrentGCThread "G1 Conc#0" [stack: 0x000000bdf4800000,0x000000bdf4900000] [id=6388]

[error occurred during error reporting (printing all threads), id 0xc0000005, EXCEPTION_ACCESS_VIOLATION (0xc0000005) at pc=0x00007fff9d988047]

VM state: not at safepoint (not fully initialized)

VM Mutex/Monitor currently owned by a thread:  ([mutex/lock_event])
[0x00000221d70d5580] Heap_lock - owner thread: 0x00000221d70d7780

Heap address: 0x0000000081c00000, size: 2020 MB, Compressed Oops mode: 32-bit
CDS archive(s) mapped at: [0x0000000000000000-0x0000000000000000-0x0000000000000000), size 0, SharedBaseAddress: 0x0000000800000000, ArchiveRelocationMode: 0.
Narrow klass base: 0x0000000000000000, Narrow klass shift: 0, Narrow klass range: 0x0

Heap:
 garbage-first heap   total 131072K, used 0K [0x0000000081c00000, 0x0000000100000000)
  region size 1024K, 0 young (0K), 0 survivors (0K)
 Metaspace       used 0K, capacity 0K, committed 0K, reserved 0K
  class space    used 0K, capacity 0K, committed 0K, reserved 0K

Heap Regions: E=young(eden), S=young(survivor), O=old, HS=humongous(starts), HC=humongous(continues), CS=collection set, F=free, OA=open archive, CA=closed archive, TAMS=top-at-mark-start (previous, next)

Card table byte_map: [0x00000221ee700000,0x00000221eeb00000] _byte_map_base: 0x00000221ee2f2000

Marking Bits (Prev, Next): (CMBitMap*) 0x00000221d7117e90, (CMBitMap*) 0x00000221d7117ed0
 Prev Bits: [0x00000221eef00000, 0x00000221f0e90000)
 Next Bits: [0x00000221f0e90000, 0x00000221f2e20000)

GC Heap History (0 events):
No events

Deoptimization events (0 events):
No events

Classes unloaded (0 events):
No events

Classes redefined (0 events):
No events

Internal exceptions (0 events):
No events

Events (1 events):
Event: 0.079 Loaded shared library C:\Program Files\Java\jdk-15.0.1\bin\java.dll


Dynamic libraries:
0x00007ff644c60000 - 0x00007ff644c6f000 	C:\Program Files\Java\jdk-15.0.1\bin\java.exe
0x00007fffe36e0000 - 0x00007fffe38d0000 	C:\WINDOWS\SYSTEM32\ntdll.dll
0x00007fffe2ab0000 - 0x00007fffe2b62000 	C:\WINDOWS\System32\KERNEL32.DLL
0x00007fffe1280000 - 0x00007fffe1525000 	C:\WINDOWS\System32\KERNELBASE.dll
0x00007fffe0820000 - 0x00007fffe091a000 	C:\WINDOWS\System32\ucrtbase.dll
0x00007fffcce60000 - 0x00007fffcce78000 	C:\Program Files\Java\jdk-15.0.1\bin\jli.dll
0x00007fffe1b70000 - 0x00007fffe1c13000 	C:\WINDOWS\System32\ADVAPI32.dll
0x00007fffe1970000 - 0x00007fffe1a0e000 	C:\WINDOWS\System32\msvcrt.dll
0x00007fffe2280000 - 0x00007fffe2317000 	C:\WINDOWS\System32\sechost.dll
0x00007fffe17f0000 - 0x00007fffe190f000 	C:\WINDOWS\System32\RPCRT4.dll
0x00007fffe27c0000 - 0x00007fffe2954000 	C:\WINDOWS\System32\USER32.dll
0x00007fffe09e0000 - 0x00007fffe0a01000 	C:\WINDOWS\System32\win32u.dll
0x00007fffe1f30000 - 0x00007fffe1f56000 	C:\WINDOWS\System32\GDI32.dll
0x00007fffe0680000 - 0x00007fffe0818000 	C:\WINDOWS\System32\gdi32full.dll
0x00007fffe0940000 - 0x00007fffe09de000 	C:\WINDOWS\System32\msvcp_win.dll
0x00007fffcdbb0000 - 0x00007fffcde34000 	C:\WINDOWS\WinSxS\amd64_microsoft.windows.common-controls_6595b64144ccf1df_6.0.18362.1440_none_9e7dbfb9e45e8e67\COMCTL32.dll
0x00007fffe2be0000 - 0x00007fffe2f16000 	C:\WINDOWS\System32\combase.dll
0x00007fffe0a10000 - 0x00007fffe0a91000 	C:\WINDOWS\System32\bcryptPrimitives.dll
0x00007fffd6e10000 - 0x00007fffd6e1a000 	C:\WINDOWS\SYSTEM32\VERSION.dll
0x00007fffcce00000 - 0x00007fffcce19000 	C:\Program Files\Java\jdk-15.0.1\bin\VCRUNTIME140.dll
0x00007fffe2320000 - 0x00007fffe234e000 	C:\WINDOWS\System32\IMM32.DLL
0x00007fffdb340000 - 0x00007fffdb34c000 	C:\Program Files\Java\jdk-15.0.1\bin\vcruntime140_1.dll
0x00007fffc0440000 - 0x00007fffc04d1000 	C:\Program Files\Java\jdk-15.0.1\bin\msvcp140.dll
0x00007fff9d6d0000 - 0x00007fff9e22e000 	C:\Program Files\Java\jdk-15.0.1\bin\server\jvm.dll
0x00007fffe2b70000 - 0x00007fffe2b78000 	C:\WINDOWS\System32\PSAPI.DLL
0x00007fffc9880000 - 0x00007fffc9889000 	C:\WINDOWS\SYSTEM32\WSOCK32.dll
0x00007fffe2200000 - 0x00007fffe226f000 	C:\WINDOWS\System32\WS2_32.dll
0x00007fffde180000 - 0x00007fffde1a4000 	C:\WINDOWS\SYSTEM32\WINMM.dll
0x00007fffde150000 - 0x00007fffde17d000 	C:\WINDOWS\SYSTEM32\WINMMBASE.dll
0x00007fffe1530000 - 0x00007fffe157a000 	C:\WINDOWS\System32\cfgmgr32.dll
0x00007fffe05f0000 - 0x00007fffe0601000 	C:\WINDOWS\System32\kernel.appcore.dll
0x00007fffdadb0000 - 0x00007fffdadba000 	C:\Program Files\Java\jdk-15.0.1\bin\jimage.dll
0x00007fffdedf0000 - 0x00007fffdefe4000 	C:\WINDOWS\SYSTEM32\DBGHELP.DLL
0x00007fffda4a0000 - 0x00007fffda4ca000 	C:\WINDOWS\SYSTEM32\dbgcore.DLL
0x00007fffdab50000 - 0x00007fffdab5e000 	C:\Program Files\Java\jdk-15.0.1\bin\instrument.dll
0x00007fffcc900000 - 0x00007fffcc925000 	C:\Program Files\Java\jdk-15.0.1\bin\java.dll

dbghelp: loaded successfully - version: 4.0.5 - missing functions: none
symbol engine: initialized successfully - sym options: 0x614 - pdb path: .;C:\Program Files\Java\jdk-15.0.1\bin;C:\WINDOWS\SYSTEM32;C:\WINDOWS\WinSxS\amd64_microsoft.windows.common-controls_6595b64144ccf1df_6.0.18362.1440_none_9e7dbfb9e45e8e67;C:\Program Files\Java\jdk-15.0.1\bin\server

VM Arguments:
jvm_args: -XX:TieredStopAtLevel=1 -Xverify:none -Dspring.output.ansi.enabled=always -javaagent:C:\Program Files\JetBrains\IntelliJ IDEA 2020.3.2\lib\idea_rt.jar=57217:C:\Program Files\JetBrains\IntelliJ IDEA 2020.3.2\bin -Dcom.sun.management.jmxremote -Dspring.jmx.enabled=true -Dspring.liveBeansView.mbeanDomain -Dspring.application.admin.enabled=true -Dfile.encoding=UTF-8 
java_command: com.company.twittertrendswebapp.TwitterTrendsWebAppApplication
java_class_path (initial): C:\Users\Artem\GitHub\twitter-trends-web-app\target\classes;C:\Users\Artem\.m2\repository\org\springframework\boot\spring-boot-starter-web\2.4.3\spring-boot-starter-web-2.4.3.jar;C:\Users\Artem\.m2\repository\org\springframework\boot\spring-boot-starter\2.4.3\spring-boot-starter-2.4.3.jar;C:\Users\Artem\.m2\repository\org\springframework\boot\spring-boot-starter-logging\2.4.3\spring-boot-starter-logging-2.4.3.jar;C:\Users\Artem\.m2\repository\ch\qos\logback\logback-classic\1.2.3\logback-classic-1.2.3.jar;C:\Users\Artem\.m2\repository\ch\qos\logback\logback-core\1.2.3\logback-core-1.2.3.jar;C:\Users\Artem\.m2\repository\org\apache\logging\log4j\log4j-to-slf4j\2.13.3\log4j-to-slf4j-2.13.3.jar;C:\Users\Artem\.m2\repository\org\apache\logging\log4j\log4j-api\2.13.3\log4j-api-2.13.3.jar;C:\Users\Artem\.m2\repository\org\slf4j\jul-to-slf4j\1.7.30\jul-to-slf4j-1.7.30.jar;C:\Users\Artem\.m2\repository\jakarta\annotation\jakarta.annotation-api\1.3.5\jakarta.annotation-api-1.3.5.jar;C:\Users\Artem\.m2\repository\org\yaml\snakeyaml\1.27\snakeyaml-1.27.jar;C:\Users\Artem\.m2\repository\org\springframework\boot\spring-boot-starter-json\2.4.3\spring-boot-starter-json-2.4.3.jar;C:\Users\Artem\.m2\repository\com\fasterxml\jackson\core\jackson-databind\2.11.4\jackson-databind-2.11.4.jar;C:\Users\Artem\.m2\repository\com\fasterxml\jackson\core\jackson-annotations\2.11.4\jackson-annotations-2.11.4.jar;C:\Users\Artem\.m2\repository\com\fasterxml\jackson\core\jackson-core\2.11.4\jackson-core-2.11.4.jar;C:\Users\Artem\.m2\repository\com\fasterxml\jackson\datatype\jackson-datatype-jdk8\2.11.4\jackson-datatype-jdk8-2.11.4.jar;C:\Users\Artem\.m2\repository\com\fasterxml\jackson\datatype\jackson-datatype-jsr310\2.11.4\jackson-datatype-jsr310-2.11.4.jar;C:\Users\Artem\.m2\repository\com\fasterxml\jackson\module\jackson-module-parameter-names\2.11.4\jackson-module-parameter-names-2.11.4.jar;C:\Users\Artem\.m2\repository\org\springframework\boot\spring-boot-starter-
Launcher Type: SUN_STANDARD

[Global flags]
     intx CICompilerCount                          = 3                                         {product} {ergonomic}
     uint ConcGCThreads                            = 1                                         {product} {ergonomic}
     uint G1ConcRefinementThreads                  = 4                                         {product} {ergonomic}
   size_t G1HeapRegionSize                         = 1048576                                   {product} {ergonomic}
    uintx GCDrainStackTargetSize                   = 64                                        {product} {ergonomic}
   size_t InitialHeapSize                          = 134217728                                 {product} {ergonomic}
     bool ManagementServer                         = true                                      {product} {command line}
   size_t MarkStackSize                            = 4194304                                   {product} {ergonomic}
   size_t MaxHeapSize                              = 2118123520                                {product} {ergonomic}
   size_t MinHeapDeltaBytes                        = 1048576                                   {product} {ergonomic}
   size_t MinHeapSize                              = 8388608                                   {product} {ergonomic}
    uintx NonNMethodCodeHeapSize                   = 6973028                                {pd product} {ergonomic}
    uintx NonProfiledCodeHeapSize                  = 244685212                              {pd product} {ergonomic}
    uintx ProfiledCodeHeapSize                     = 0                                      {pd product} {ergonomic}
    uintx ReservedCodeCacheSize                    = 251658240                              {pd product} {ergonomic}
     bool SegmentedCodeCache                       = true                                      {product} {ergonomic}
   size_t SoftMaxHeapSize                          = 2118123520                             {manageable} {ergonomic}
     intx TieredStopAtLevel                        = 1                                         {product} {command line}
     bool UseCompressedClassPointers               = true                                 {lp64_product} {ergonomic}
     bool UseCompressedOops                        = true                                 {lp64_product} {ergonomic}
     bool UseG1GC                                  = true                                      {product} {ergonomic}
     bool UseLargePagesIndividualAllocation        = false                                  {pd product} {ergonomic}

Logging:
Log output configuration:
 #0: stdout all=warning uptime,level,tags
 #1: stderr all=off uptime,level,tags

Environment Variables:
PATH=C:\Program Files\Common Files\Oracle\Java\javapath;C:\Program Files (x86)\Common Files\Oracle\Java\javapath;C:\Program Files (x86)\NVIDIA Corporation\PhysX\Common;C:\WINDOWS\system32;C:\WINDOWS;C:\WINDOWS\System32\Wbem;C:\WINDOWS\System32\WindowsPowerShell\v1.0\;C:\WINDOWS\System32\OpenSSH\;C:\Program Files\dotnet\;C:\Program Files\Git\cmd;C:\Program Files\nodejs\;C:\Users\Artem\AppData\Local\Microsoft\WindowsApps;C:\Users\Artem\AppData\Local\GitHubDesktop\bin;C:\Users\Artem\AppData\Local\Microsoft\WindowsApps;C:\Users\Artem\.dotnet\tools;C:\Users\Artem\AppData\Roaming\npm
USERNAME=Artem
OS=Windows_NT
PROCESSOR_IDENTIFIER=Intel64 Family 6 Model 69 Stepping 1, GenuineIntel



---------------  S Y S T E M  ---------------

OS:
 Windows 10 , 64 bit Build 18362 (10.0.18362.1350)
OS uptime: 3 days 22:21 hours

CPU: total 4 (initial active 4) (2 cores per cpu, 2 threads per core) family 6 model 69 stepping 1 microcode 0x24, cmov, cx8, fxsr, mmx, sse, sse2, sse3, ssse3, sse4.1, sse4.2, popcnt, vzeroupper, avx, avx2, aes, clmul, erms, lzcnt, ht, tsc, tscinvbit, bmi1, bmi2, fma, clflush

Memory: 4k page, system-wide physical 8076M (801M free)
TotalPageFile size 9981M (AvailPageFile size 85M)
current process WorkingSet (physical memory assigned to process): 10M, peak: 10M
current process commit charge ("private bytes"): 49M, peak: 177M

vm_info: Java HotSpot(TM) 64-Bit Server VM (15.0.1+9-18) for windows-amd64 JRE (15.0.1+9-18), built on Sep 15 2020 14:43:54 by "mach5one" with unknown MS VC++:1925

END.
